This is TeXk, Version 3.14159265 (TeX Live 2019/Debian) (preloaded format=tex)

(./code.texic (./texinfo.tex Loading texinfo package [Version 2.257]: Basics,
fonts, page headings, tables, indexing, sectioning, toc, environments, defuns,
macros, cross references, paper sizes, and turning on texinfo input format.)
(./code.aux) [1] [2] (./code.toc) [-1] (./codeintro.texic (code) [1] [2]
[3] [4] [5]
Overfull \hbox (101.2292pt too wide) in paragraph at lines 281--281
 []@texttt T = s(s(s(s(s(s(s(s(s(s(s(s(s(s(s(s(s(s(s(s(s(s(s(s(s(s(s(0)))))))))
)))))))))))))))))) ?[] |
[6] [7] (./code.tmp) (./code.tmp) (./code.tmp) (./code.tmp) (./code.tmp)
(./code.tmp) (./code.tmp) (./code.tmp) [8] (./code.tmp) (./code.tmp)
(./code.tmp) (./code.tmp) (./code.tmp) (./code.tmp) [9] (./code.tmp)
(./code.tmp) (./code.tmp) (./code.tmp) (./code.tmp) (./code.tmp) (./code.tmp)
(./code.tmp) [10] (./code.tmp) (./code.tmp) (./code.tmp) [11] (./code.tmp)
(./code.tmp) (./code.tmp) (./code.tmp) (./code.tmp) (./code.tmp) (./code.tmp)
(./code.tmp) (./code.tmp) [12] (./code.tmp) (./code.tmp) (./code.tmp)
(./code.tmp) (./code.tmp) (./code.tmp) (./code.tmp) (./code.tmp) [13]
(./code.tmp) (./code.tmp) (./code.tmp) (./code.tmp) (./code.tmp) (./code.tmp))
[14] )
(see the transcript file for additional information)
Output written on code.dvi (17 pages, 37284 bytes).
Transcript written on code.log.
